[  1%] Built target astra_camera_gencfg
[  1%] Built target _astra_camera_generate_messages_check_deps_SetUVCGain
[  1%] Built target _astra_camera_generate_messages_check_deps_GetCameraParams
[  1%] Built target _astra_camera_generate_messages_check_deps_SetMirror
[  1%] Built target _astra_camera_generate_messages_check_deps_SetAutoExposure
[  1%] Built target _astra_camera_generate_messages_check_deps_GetVersion
[  1%] Built target _astra_camera_generate_messages_check_deps_SwitchIRCamera
[  1%] Built target _astra_camera_generate_messages_check_deps_ResetIRExposure
[  1%] Built target _astra_camera_generate_messages_check_deps_ResetIRGain
[  1%] Built target _astra_camera_generate_messages_check_deps_SetUVCExposure
[  1%] Built target _astra_camera_generate_messages_check_deps_SetFan
[  1%] Built target _astra_camera_generate_messages_check_deps_SetLDP
[  1%] Built target _astra_camera_generate_messages_check_deps_SetLaser
[  1%] Built target _astra_camera_generate_messages_check_deps_SetIRFlood
[  1%] Built target std_msgs_generate_messages_cpp
[  1%] Built target _astra_camera_generate_messages_check_deps_GetUVCMirror
[  1%] Built target _astra_camera_generate_messages_check_deps_SetIRGain
[  1%] Built target _astra_camera_generate_messages_check_deps_GetSerial
[  1%] Built target _astra_camera_generate_messages_check_deps_SetAutoWhiteBalance
[  1%] Built target _astra_camera_generate_messages_check_deps_SetDistortioncal
[  1%] Built target _astra_camera_generate_messages_check_deps_SetIRExposure
[  1%] Built target _astra_camera_generate_messages_check_deps_SetAeEnable
[  1%] Built target _astra_camera_generate_messages_check_deps_GetUVCWhiteBalance
[  1%] Built target sensor_msgs_generate_messages_cpp
[  1%] Built target _astra_camera_generate_messages_check_deps_SetUVCMirror
[  1%] Built target _astra_camera_generate_messages_check_deps_GetCameraInfo
[  1%] Built target _astra_camera_generate_messages_check_deps_SetUVCWhiteBalance
[  1%] Built target _astra_camera_generate_messages_check_deps_GetDeviceType
[  1%] Built target _astra_camera_generate_messages_check_deps_GetIRGain
[  1%] Built target _astra_camera_generate_messages_check_deps_GetUVCExposure
[  1%] Built target _astra_camera_generate_messages_check_deps_GetIRExposure
[  1%] Built target _astra_camera_generate_messages_check_deps_GetUVCGain
[  1%] Built target std_msgs_generate_messages_nodejs
[  1%] Built target sensor_msgs_generate_messages_nodejs
[  1%] Built target sensor_msgs_generate_messages_lisp
[  1%] Built target std_msgs_generate_messages_lisp
[  1%] Built target std_msgs_generate_messages_eus
[  1%] Built target sensor_msgs_generate_messages_eus
[  1%] Built target sensor_msgs_generate_messages_py
[  1%] Built target std_msgs_generate_messages_py
[  2%] Built target astra_usb_reset
[ 17%] Built target astra_camera_generate_messages_cpp
[ 33%] Built target astra_camera_generate_messages_nodejs
[ 48%] Built target astra_camera_generate_messages_lisp
[ 65%] Built target astra_camera_generate_messages_eus
[ 82%] Built target astra_camera_generate_messages_py
[ 84%] Built target camera_node
[ 87%] Built target libuvc_camera_nodelet
[ 87%] Built target astra_camera_generate_messages
[ 93%] Built target astra_wrapper
[ 95%] Built target astra_test_wrapper
[ 95%] Built target astra_list_devices
[ 97%] Built target astra_driver_lib
[100%] Built target astra_camera_nodelet
[100%] Built target astra_camera_node
