[  0%] [34m[1mGenerating dynamic reconfigure files from cfg/Astra.cfg: /home/vm/catkin_ws/devel/.private/astra_camera/include/astra_camera/AstraConfig.h /home/vm/catkin_ws/devel/.private/astra_camera/lib/python3/dist-packages/astra_camera/cfg/AstraConfig.py[0m
Generating reconfiguration files for Astra in astra_camera
Wrote header file in /home/vm/catkin_ws/devel/.private/astra_camera/include/astra_camera/AstraConfig.h
[  1%] [34m[1mGenerating dynamic reconfigure files from cfg/UVCCamera.cfg: /home/vm/catkin_ws/devel/.private/astra_camera/include/astra_camera/UVCCameraConfig.h /home/vm/catkin_ws/devel/.private/astra_camera/lib/python3/dist-packages/astra_camera/cfg/UVCCameraConfig.py[0m
Generating reconfiguration files for UVCCamera in libuvc_camera
Wrote header file in /home/vm/catkin_ws/devel/.private/astra_camera/include/astra_camera/UVCCameraConfig.h
[  1%] Built target astra_camera_gencfg
[  1%] Built target _astra_camera_generate_messages_check_deps_SetUVCGain
[  1%] Built target _astra_camera_generate_messages_check_deps_GetCameraParams
[  1%] Built target _astra_camera_generate_messages_check_deps_SetMirror
[  1%] Built target _astra_camera_generate_messages_check_deps_SetAutoExposure
[  1%] Built target _astra_camera_generate_messages_check_deps_GetVersion
[  1%] Built target _astra_camera_generate_messages_check_deps_SwitchIRCamera
[  1%] Built target _astra_camera_generate_messages_check_deps_ResetIRExposure
[  1%] Built target _astra_camera_generate_messages_check_deps_ResetIRGain
[  1%] Built target _astra_camera_generate_messages_check_deps_SetUVCExposure
[  1%] Built target _astra_camera_generate_messages_check_deps_SetFan
[  1%] Built target _astra_camera_generate_messages_check_deps_SetLDP
[  1%] Built target _astra_camera_generate_messages_check_deps_SetLaser
[  1%] Built target std_msgs_generate_messages_cpp
[  1%] Built target _astra_camera_generate_messages_check_deps_SetIRFlood
[  1%] Built target _astra_camera_generate_messages_check_deps_GetUVCMirror
[  1%] Built target _astra_camera_generate_messages_check_deps_SetIRGain
[  1%] Built target _astra_camera_generate_messages_check_deps_SetAutoWhiteBalance
[  1%] Built target _astra_camera_generate_messages_check_deps_GetSerial
[  1%] Built target _astra_camera_generate_messages_check_deps_SetDistortioncal
[  1%] Built target _astra_camera_generate_messages_check_deps_SetIRExposure
[  1%] Built target _astra_camera_generate_messages_check_deps_GetUVCWhiteBalance
[  1%] Built target _astra_camera_generate_messages_check_deps_SetAeEnable
[  1%] Built target sensor_msgs_generate_messages_cpp
[  1%] Built target _astra_camera_generate_messages_check_deps_SetUVCMirror
[  1%] Built target _astra_camera_generate_messages_check_deps_GetCameraInfo
[  1%] Built target _astra_camera_generate_messages_check_deps_SetUVCWhiteBalance
[  1%] Built target _astra_camera_generate_messages_check_deps_GetDeviceType
[  1%] Built target _astra_camera_generate_messages_check_deps_GetIRGain
[  1%] Built target _astra_camera_generate_messages_check_deps_GetUVCExposure
[  1%] Built target _astra_camera_generate_messages_check_deps_GetIRExposure
[  1%] Built target std_msgs_generate_messages_nodejs
[  1%] Built target _astra_camera_generate_messages_check_deps_GetUVCGain
[  1%] Built target sensor_msgs_generate_messages_nodejs
[  1%] Built target sensor_msgs_generate_messages_lisp
[  1%] Built target std_msgs_generate_messages_eus
[  1%] Built target std_msgs_generate_messages_lisp
[  1%] Built target sensor_msgs_generate_messages_eus
[  1%] Built target sensor_msgs_generate_messages_py
[  1%] Built target std_msgs_generate_messages_py
[  2%] Built target astra_usb_reset
[ 17%] Built target astra_camera_generate_messages_cpp
[ 33%] Built target astra_camera_generate_messages_nodejs
[ 50%] Built target astra_camera_generate_messages_eus
[ 65%] Built target astra_camera_generate_messages_lisp
[ 82%] Built target astra_camera_generate_messages_py
[35m[1mScanning dependencies of target camera_node[0m
[35m[1mScanning dependencies of target libuvc_camera_nodelet[0m
[ 83%] [32mBuilding CXX object CMakeFiles/camera_node.dir/src/libuvc_camera/main.cpp.o[0m
[ 84%] [32mBuilding CXX object CMakeFiles/libuvc_camera_nodelet.dir/src/libuvc_camera/nodelet.cpp.o[0m
[ 84%] [32mBuilding CXX object CMakeFiles/camera_node.dir/src/libuvc_camera/camera_driver.cpp.o[0m
[ 84%] [32mBuilding CXX object CMakeFiles/libuvc_camera_nodelet.dir/src/libuvc_camera/camera_driver.cpp.o[0m
[ 85%] [32m[1mLinking CXX shared library /home/vm/catkin_ws/devel/.private/astra_camera/lib/liblibuvc_camera_nodelet.so[0m
[ 85%] [32m[1mLinking CXX executable /home/vm/catkin_ws/devel/.private/astra_camera/lib/astra_camera/camera_node[0m
[ 86%] Built target libuvc_camera_nodelet
[35m[1mScanning dependencies of target astra_wrapper[0m
[ 86%] [32mBuilding CXX object CMakeFiles/astra_wrapper.dir/src/astra_device.cpp.o[0m
[ 87%] Built target camera_node
[ 87%] Built target astra_camera_generate_messages
In file included from [01m[K/opt/ros/noetic/include/ros/assert.h:35[m[K,
                 from [01m[K/opt/ros/noetic/include/ros/common.h:36[m[K,
                 from [01m[K/opt/ros/noetic/include/ros/publisher.h:32[m[K,
                 from [01m[K/opt/ros/noetic/include/ros/node_handle.h:32[m[K,
                 from [01m[K/home/vm/catkin_ws/devel/.private/astra_camera/include/astra_camera/AstraConfig.h:21[m[K,
                 from [01m[K/home/vm/catkin_ws/src/ros_astra_camera/include/astra_camera/astra_driver.h:36[m[K,
                 from [01m[K/home/vm/catkin_ws/src/ros_astra_camera/src/astra_device.cpp:42[m[K:
[01m[K/home/vm/catkin_ws/src/ros_astra_camera/src/astra_device.cpp:[m[K In constructor ‘[01m[Kastra_wrapper::AstraDevice::AstraDevice(const string&)[m[K’:
[01m[K/home/vm/catkin_ws/src/ros_astra_camera/src/astra_device.cpp:60:12:[m[K [01;35m[Kwarning: [m[Kformat ‘[01m[K%x[m[K’ expects argument of type ‘[01m[Kunsigned int[m[K’, but argument 8 has type ‘[01m[Kboost::shared_ptr<openni::Device>::element_type*[m[K’ {aka ‘[01m[Kopenni::Device*[m[K’} [[01;35m[K-Wformat=[m[K]
   60 |   ROS_INFO([01;35m[K"openni_device_: %x"[m[K, [32m[Kopenni_device_.get()[m[K);
      |            [01;35m[K^~~~~~~~~~~~~~~~~~~~[m[K  [32m[K~~~~~~~~~~~~~~~~~~~~[m[K
      |                                                    [32m[K|[m[K
      |                                                    [32m[Kboost::shared_ptr<openni::Device>::element_type* {aka openni::Device*}[m[K
[01m[K/opt/ros/noetic/include/ros/console.h:351:165:[m[K [01;36m[Knote: [m[Kin definition of macro ‘[01m[KROSCONSOLE_PRINT_AT_LOCATION_WITH_FILTER[m[K’
  351 |     ::ros::console::print(filter, __rosconsole_define_location__loc.logger_, __rosconsole_define_location__loc.level_, __FILE__, __LINE__, __ROSCONSOLE_FUNCTION__, [01;36m[K__VA_ARGS__[m[K)
      |                                                                                                                                                                     [01;36m[K^~~~~~~~~~~[m[K
[01m[K/opt/ros/noetic/include/ros/console.h:390:7:[m[K [01;36m[Knote: [m[Kin expansion of macro ‘[01m[KROSCONSOLE_PRINT_AT_LOCATION[m[K’
  390 |       [01;36m[KROSCONSOLE_PRINT_AT_LOCATION[m[K(__VA_ARGS__); \
      |       [01;36m[K^~~~~~~~~~~~~~~~~~~~~~~~~~~~[m[K
[01m[K/opt/ros/noetic/include/ros/console.h:575:35:[m[K [01;36m[Knote: [m[Kin expansion of macro ‘[01m[KROS_LOG_COND[m[K’
  575 | #define ROS_LOG(level, name, ...) [01;36m[KROS_LOG_COND[m[K(true, level, name, __VA_ARGS__)
      |                                   [01;36m[K^~~~~~~~~~~~[m[K
[01m[K/opt/ros/noetic/include/rosconsole/macros_generated.h:110:23:[m[K [01;36m[Knote: [m[Kin expansion of macro ‘[01m[KROS_LOG[m[K’
  110 | #define ROS_INFO(...) [01;36m[KROS_LOG[m[K(::ros::console::levels::Info, ROSCONSOLE_DEFAULT_NAME, __VA_ARGS__)
      |                       [01;36m[K^~~~~~~[m[K
[01m[K/home/vm/catkin_ws/src/ros_astra_camera/src/astra_device.cpp:60:3:[m[K [01;36m[Knote: [m[Kin expansion of macro ‘[01m[KROS_INFO[m[K’
   60 |   [01;36m[KROS_INFO[m[K("openni_device_: %x", openni_device_.get());
      |   [01;36m[K^~~~~~~~[m[K
[01m[K/home/vm/catkin_ws/src/ros_astra_camera/src/astra_device.cpp:60:30:[m[K [01;36m[Knote: [m[Kformat string is defined here
   60 |   ROS_INFO("openni_device_: [01;36m[K%x[m[K", openni_device_.get());
      |                             [01;36m[K~^[m[K
      |                              [01;36m[K|[m[K
      |                              [01;36m[Kunsigned int[m[K
In file included from [01m[K/opt/ros/noetic/include/ros/assert.h:35[m[K,
                 from [01m[K/opt/ros/noetic/include/ros/common.h:36[m[K,
                 from [01m[K/opt/ros/noetic/include/ros/publisher.h:32[m[K,
                 from [01m[K/opt/ros/noetic/include/ros/node_handle.h:32[m[K,
                 from [01m[K/home/vm/catkin_ws/devel/.private/astra_camera/include/astra_camera/AstraConfig.h:21[m[K,
                 from [01m[K/home/vm/catkin_ws/src/ros_astra_camera/include/astra_camera/astra_driver.h:36[m[K,
                 from [01m[K/home/vm/catkin_ws/src/ros_astra_camera/src/astra_device.cpp:42[m[K:
[01m[K/home/vm/catkin_ws/src/ros_astra_camera/src/astra_device.cpp:62:12:[m[K [01;35m[Kwarning: [m[Kformat ‘[01m[K%x[m[K’ expects argument of type ‘[01m[Kunsigned int[m[K’, but argument 8 has type ‘[01m[Kboost::shared_ptr<openni::Device>::element_type*[m[K’ {aka ‘[01m[Kopenni::Device*[m[K’} [[01;35m[K-Wformat=[m[K]
   62 |   ROS_INFO([01;35m[K"openni_device_: %x, uri:%s"[m[K, [32m[Kopenni_device_.get()[m[K, device_URI.c_str());
      |            [01;35m[K^~~~~~~~~~~~~~~~~~~~~~~~~~~~[m[K  [32m[K~~~~~~~~~~~~~~~~~~~~[m[K
      |                                                            [32m[K|[m[K
      |                                                            [32m[Kboost::shared_ptr<openni::Device>::element_type* {aka openni::Device*}[m[K
[01m[K/opt/ros/noetic/include/ros/console.h:351:165:[m[K [01;36m[Knote: [m[Kin definition of macro ‘[01m[KROSCONSOLE_PRINT_AT_LOCATION_WITH_FILTER[m[K’
  351 |     ::ros::console::print(filter, __rosconsole_define_location__loc.logger_, __rosconsole_define_location__loc.level_, __FILE__, __LINE__, __ROSCONSOLE_FUNCTION__, [01;36m[K__VA_ARGS__[m[K)
      |                                                                                                                                                                     [01;36m[K^~~~~~~~~~~[m[K
[01m[K/opt/ros/noetic/include/ros/console.h:390:7:[m[K [01;36m[Knote: [m[Kin expansion of macro ‘[01m[KROSCONSOLE_PRINT_AT_LOCATION[m[K’
  390 |       [01;36m[KROSCONSOLE_PRINT_AT_LOCATION[m[K(__VA_ARGS__); \
      |       [01;36m[K^~~~~~~~~~~~~~~~~~~~~~~~~~~~[m[K
[01m[K/opt/ros/noetic/include/ros/console.h:575:35:[m[K [01;36m[Knote: [m[Kin expansion of macro ‘[01m[KROS_LOG_COND[m[K’
  575 | #define ROS_LOG(level, name, ...) [01;36m[KROS_LOG_COND[m[K(true, level, name, __VA_ARGS__)
      |                                   [01;36m[K^~~~~~~~~~~~[m[K
[01m[K/opt/ros/noetic/include/rosconsole/macros_generated.h:110:23:[m[K [01;36m[Knote: [m[Kin expansion of macro ‘[01m[KROS_LOG[m[K’
  110 | #define ROS_INFO(...) [01;36m[KROS_LOG[m[K(::ros::console::levels::Info, ROSCONSOLE_DEFAULT_NAME, __VA_ARGS__)
      |                       [01;36m[K^~~~~~~[m[K
[01m[K/home/vm/catkin_ws/src/ros_astra_camera/src/astra_device.cpp:62:3:[m[K [01;36m[Knote: [m[Kin expansion of macro ‘[01m[KROS_INFO[m[K’
   62 |   [01;36m[KROS_INFO[m[K("openni_device_: %x, uri:%s", openni_device_.get(), device_URI.c_str());
      |   [01;36m[K^~~~~~~~[m[K
[01m[K/home/vm/catkin_ws/src/ros_astra_camera/src/astra_device.cpp:62:30:[m[K [01;36m[Knote: [m[Kformat string is defined here
   62 |   ROS_INFO("openni_device_: [01;36m[K%x[m[K, uri:%s", openni_device_.get(), device_URI.c_str());
      |                             [01;36m[K~^[m[K
      |                              [01;36m[K|[m[K
      |                              [01;36m[Kunsigned int[m[K
[ 87%] [32m[1mLinking CXX shared library /home/vm/catkin_ws/devel/.private/astra_camera/lib/libastra_wrapper.so[0m
[ 93%] Built target astra_wrapper
[ 93%] [32m[1mLinking CXX executable /home/vm/catkin_ws/devel/.private/astra_camera/lib/astra_camera/astra_test_wrapper[0m
[ 93%] [32m[1mLinking CXX executable /home/vm/catkin_ws/devel/.private/astra_camera/lib/astra_camera/astra_list_devices[0m
[ 94%] Built target astra_test_wrapper
[35m[1mScanning dependencies of target astra_driver_lib[0m
[ 95%] [32mBuilding CXX object CMakeFiles/astra_driver_lib.dir/src/astra_driver.cpp.o[0m
[ 96%] Built target astra_list_devices
[ 96%] [32m[1mLinking CXX shared library /home/vm/catkin_ws/devel/.private/astra_camera/lib/libastra_driver_lib.so[0m
[ 97%] Built target astra_driver_lib
[35m[1mScanning dependencies of target astra_camera_node[0m
[ 98%] [32mBuilding CXX object CMakeFiles/astra_camera_node.dir/ros/astra_camera_node.cpp.o[0m
[35m[1mScanning dependencies of target astra_camera_nodelet[0m
[100%] [32mBuilding CXX object CMakeFiles/astra_camera_nodelet.dir/ros/astra_camera_nodelet.cpp.o[0m
[100%] [32m[1mLinking CXX executable /home/vm/catkin_ws/devel/.private/astra_camera/lib/astra_camera/astra_camera_node[0m
[100%] Built target astra_camera_node
[100%] [32m[1mLinking CXX shared library /home/vm/catkin_ws/devel/.private/astra_camera/lib/libastra_camera_nodelet.so[0m
[100%] Built target astra_camera_nodelet
