[  0%] Built target _actionlib_generate_messages_check_deps_TwoIntsActionFeedback
[  0%] Built target _actionlib_generate_messages_check_deps_TestResult
[  0%] Built target std_msgs_generate_messages_nodejs
[  0%] Built target _actionlib_generate_messages_check_deps_TestFeedback
[  0%] Built target _actionlib_generate_messages_check_deps_TestAction
[  0%] Built target _actionlib_generate_messages_check_deps_TestActionGoal
[  0%] Built target _actionlib_generate_messages_check_deps_TestRequestActionGoal
[  0%] Built target _actionlib_generate_messages_check_deps_TestRequestAction
[  0%] Built target _actionlib_generate_messages_check_deps_TestRequestActionResult
[  0%] Built target _actionlib_generate_messages_check_deps_TwoIntsActionResult
[  0%] Built target _actionlib_generate_messages_check_deps_TestActionResult
[  0%] Built target _actionlib_generate_messages_check_deps_TestActionFeedback
[  0%] Built target _actionlib_generate_messages_check_deps_TestGoal
[  0%] Built target _actionlib_generate_messages_check_deps_TestRequestActionFeedback
[  0%] Built target _actionlib_generate_messages_check_deps_TestRequestResult
[  0%] Built target actionlib_msgs_generate_messages_nodejs
[  0%] Built target _actionlib_generate_messages_check_deps_TestRequestFeedback
[  0%] Built target _actionlib_generate_messages_check_deps_TestRequestGoal
[  0%] Built target _actionlib_generate_messages_check_deps_TwoIntsAction
[  0%] Built target _actionlib_generate_messages_check_deps_TwoIntsResult
[  0%] Built target _actionlib_generate_messages_check_deps_TwoIntsActionGoal
[  0%] Built target _actionlib_generate_messages_check_deps_TwoIntsGoal
[  0%] Built target actionlib_msgs_generate_messages_cpp
[  0%] Built target _actionlib_generate_messages_check_deps_TwoIntsFeedback
[  0%] Built target actionlib_msgs_generate_messages_py
[  0%] Built target std_msgs_generate_messages_cpp
[  0%] Built target std_msgs_generate_messages_eus
[  0%] Built target std_msgs_generate_messages_py
[  0%] Built target actionlib_msgs_generate_messages_eus
[  0%] Built target actionlib_msgs_generate_messages_lisp
[  0%] Built target std_msgs_generate_messages_lisp
[ 18%] Built target actionlib_generate_messages_nodejs
[ 36%] Built target actionlib_generate_messages_cpp
[ 57%] Built target actionlib_generate_messages_py
[ 77%] Built target actionlib_generate_messages_eus
[ 97%] Built target actionlib_generate_messages_lisp
[ 97%] Built target actionlib_gencpp
[ 97%] Built target actionlib_generate_messages
[100%] Built target actionlib
