[35m[1mScanning dependencies of target _actionlib_generate_messages_check_deps_TwoIntsActionFeedback[0m
[  0%] Built target _actionlib_generate_messages_check_deps_TwoIntsActionFeedback
[35m[1mScanning dependencies of target _actionlib_generate_messages_check_deps_TestResult[0m
[  0%] Built target _actionlib_generate_messages_check_deps_TestResult
[35m[1mScanning dependencies of target std_msgs_generate_messages_nodejs[0m
[35m[1mScanning dependencies of target _actionlib_generate_messages_check_deps_TestFeedback[0m
[  0%] Built target std_msgs_generate_messages_nodejs
[35m[1mScanning dependencies of target _actionlib_generate_messages_check_deps_TestAction[0m
[  0%] Built target _actionlib_generate_messages_check_deps_TestFeedback
[35m[1mScanning dependencies of target _actionlib_generate_messages_check_deps_TestActionGoal[0m
[  0%] Built target _actionlib_generate_messages_check_deps_TestAction
[35m[1mScanning dependencies of target _actionlib_generate_messages_check_deps_TestRequestActionGoal[0m
[  0%] Built target _actionlib_generate_messages_check_deps_TestActionGoal
[35m[1mScanning dependencies of target _actionlib_generate_messages_check_deps_TestRequestAction[0m
[  0%] Built target _actionlib_generate_messages_check_deps_TestRequestActionGoal
[35m[1mScanning dependencies of target _actionlib_generate_messages_check_deps_TestRequestActionResult[0m
[  0%] Built target _actionlib_generate_messages_check_deps_TestRequestAction
[35m[1mScanning dependencies of target _actionlib_generate_messages_check_deps_TwoIntsActionResult[0m
[  0%] Built target _actionlib_generate_messages_check_deps_TestRequestActionResult
[35m[1mScanning dependencies of target _actionlib_generate_messages_check_deps_TestActionResult[0m
[  0%] Built target _actionlib_generate_messages_check_deps_TwoIntsActionResult
[35m[1mScanning dependencies of target _actionlib_generate_messages_check_deps_TestActionFeedback[0m
[  0%] Built target _actionlib_generate_messages_check_deps_TestActionResult
[35m[1mScanning dependencies of target _actionlib_generate_messages_check_deps_TestGoal[0m
[  0%] Built target _actionlib_generate_messages_check_deps_TestActionFeedback
[35m[1mScanning dependencies of target _actionlib_generate_messages_check_deps_TestRequestActionFeedback[0m
[  0%] Built target _actionlib_generate_messages_check_deps_TestGoal
[35m[1mScanning dependencies of target _actionlib_generate_messages_check_deps_TestRequestResult[0m
[  0%] Built target _actionlib_generate_messages_check_deps_TestRequestActionFeedback
[35m[1mScanning dependencies of target _actionlib_generate_messages_check_deps_TestRequestFeedback[0m
[  0%] Built target _actionlib_generate_messages_check_deps_TestRequestResult
[35m[1mScanning dependencies of target actionlib_msgs_generate_messages_nodejs[0m
[  0%] Built target actionlib_msgs_generate_messages_nodejs
[35m[1mScanning dependencies of target _actionlib_generate_messages_check_deps_TestRequestGoal[0m
[  0%] Built target _actionlib_generate_messages_check_deps_TestRequestFeedback
[35m[1mScanning dependencies of target _actionlib_generate_messages_check_deps_TwoIntsAction[0m
[  0%] Built target _actionlib_generate_messages_check_deps_TestRequestGoal
[35m[1mScanning dependencies of target _actionlib_generate_messages_check_deps_TwoIntsResult[0m
[  0%] Built target _actionlib_generate_messages_check_deps_TwoIntsAction
[35m[1mScanning dependencies of target _actionlib_generate_messages_check_deps_TwoIntsActionGoal[0m
[  0%] Built target _actionlib_generate_messages_check_deps_TwoIntsResult
[35m[1mScanning dependencies of target _actionlib_generate_messages_check_deps_TwoIntsGoal[0m
[  0%] Built target _actionlib_generate_messages_check_deps_TwoIntsActionGoal
[35m[1mScanning dependencies of target _actionlib_generate_messages_check_deps_TwoIntsFeedback[0m
[  0%] Built target _actionlib_generate_messages_check_deps_TwoIntsGoal
[35m[1mScanning dependencies of target actionlib_msgs_generate_messages_cpp[0m
[  0%] Built target actionlib_msgs_generate_messages_cpp
[  0%] Built target _actionlib_generate_messages_check_deps_TwoIntsFeedback
[35m[1mScanning dependencies of target std_msgs_generate_messages_cpp[0m
[35m[1mScanning dependencies of target actionlib_msgs_generate_messages_py[0m
[  0%] Built target std_msgs_generate_messages_cpp
[  0%] Built target actionlib_msgs_generate_messages_py
[35m[1mScanning dependencies of target std_msgs_generate_messages_py[0m
[35m[1mScanning dependencies of target std_msgs_generate_messages_eus[0m
[  0%] Built target std_msgs_generate_messages_py
[  0%] Built target std_msgs_generate_messages_eus
[35m[1mScanning dependencies of target actionlib_msgs_generate_messages_eus[0m
[35m[1mScanning dependencies of target actionlib_msgs_generate_messages_lisp[0m
[  0%] Built target actionlib_msgs_generate_messages_eus
[  0%] Built target actionlib_msgs_generate_messages_lisp
[35m[1mScanning dependencies of target actionlib_generate_messages_nodejs[0m
[35m[1mScanning dependencies of target std_msgs_generate_messages_lisp[0m
[  0%] Built target std_msgs_generate_messages_lisp
[  0%] [34m[1mGenerating Javascript code from actionlib/TestAction.msg[0m
[35m[1mScanning dependencies of target actionlib_generate_messages_cpp[0m
[  0%] [34m[1mGenerating C++ code from actionlib/TestAction.msg[0m
[  1%] [34m[1mGenerating Javascript code from actionlib/TestActionGoal.msg[0m
[  2%] [34m[1mGenerating Javascript code from actionlib/TestActionResult.msg[0m
[  3%] [34m[1mGenerating C++ code from actionlib/TestActionGoal.msg[0m
[  3%] [34m[1mGenerating Javascript code from actionlib/TestActionFeedback.msg[0m
[  5%] [34m[1mGenerating Javascript code from actionlib/TestGoal.msg[0m
[  6%] [34m[1mGenerating C++ code from actionlib/TestActionResult.msg[0m
[  7%] [34m[1mGenerating Javascript code from actionlib/TestResult.msg[0m
[  9%] [34m[1mGenerating Javascript code from actionlib/TestFeedback.msg[0m
[  9%] [34m[1mGenerating Javascript code from actionlib/TestRequestAction.msg[0m
[  9%] [34m[1mGenerating C++ code from actionlib/TestActionFeedback.msg[0m
[ 10%] [34m[1mGenerating Javascript code from actionlib/TestRequestActionGoal.msg[0m
[ 11%] [34m[1mGenerating C++ code from actionlib/TestGoal.msg[0m
[ 12%] [34m[1mGenerating Javascript code from actionlib/TestRequestActionResult.msg[0m
[ 12%] [34m[1mGenerating Javascript code from actionlib/TestRequestActionFeedback.msg[0m
[ 14%] [34m[1mGenerating C++ code from actionlib/TestResult.msg[0m
[ 15%] [34m[1mGenerating Javascript code from actionlib/TestRequestGoal.msg[0m
[ 16%] [34m[1mGenerating Javascript code from actionlib/TestRequestResult.msg[0m
[ 16%] [34m[1mGenerating C++ code from actionlib/TestFeedback.msg[0m
[ 16%] [34m[1mGenerating Javascript code from actionlib/TestRequestFeedback.msg[0m
[ 18%] [34m[1mGenerating Javascript code from actionlib/TwoIntsAction.msg[0m
[ 19%] [34m[1mGenerating C++ code from actionlib/TestRequestAction.msg[0m
[ 20%] [34m[1mGenerating Javascript code from actionlib/TwoIntsActionGoal.msg[0m
[ 22%] [34m[1mGenerating Javascript code from actionlib/TwoIntsActionResult.msg[0m
[ 23%] [34m[1mGenerating C++ code from actionlib/TestRequestActionGoal.msg[0m
[ 23%] [34m[1mGenerating Javascript code from actionlib/TwoIntsActionFeedback.msg[0m
[ 24%] [34m[1mGenerating Javascript code from actionlib/TwoIntsGoal.msg[0m
[ 25%] [34m[1mGenerating C++ code from actionlib/TestRequestActionResult.msg[0m
[ 27%] [34m[1mGenerating Javascript code from actionlib/TwoIntsResult.msg[0m
[ 27%] [34m[1mGenerating Javascript code from actionlib/TwoIntsFeedback.msg[0m
[ 27%] [34m[1mGenerating C++ code from actionlib/TestRequestActionFeedback.msg[0m
[ 27%] Built target actionlib_generate_messages_nodejs
[35m[1mScanning dependencies of target actionlib_generate_messages_py[0m
[ 28%] [34m[1mGenerating Python from MSG actionlib/TestAction[0m
[ 29%] [34m[1mGenerating C++ code from actionlib/TestRequestGoal.msg[0m
[ 31%] [34m[1mGenerating C++ code from actionlib/TestRequestResult.msg[0m
[ 32%] [34m[1mGenerating Python from MSG actionlib/TestActionGoal[0m
[ 32%] [34m[1mGenerating C++ code from actionlib/TestRequestFeedback.msg[0m
[ 32%] [34m[1mGenerating Python from MSG actionlib/TestActionResult[0m
[ 33%] [34m[1mGenerating C++ code from actionlib/TwoIntsAction.msg[0m
[ 35%] [34m[1mGenerating C++ code from actionlib/TwoIntsActionGoal.msg[0m
[ 36%] [34m[1mGenerating Python from MSG actionlib/TestActionFeedback[0m
[ 36%] [34m[1mGenerating C++ code from actionlib/TwoIntsActionResult.msg[0m
[ 37%] [34m[1mGenerating Python from MSG actionlib/TestGoal[0m
[ 38%] [34m[1mGenerating C++ code from actionlib/TwoIntsActionFeedback.msg[0m
[ 40%] [34m[1mGenerating C++ code from actionlib/TwoIntsGoal.msg[0m
[ 41%] [34m[1mGenerating Python from MSG actionlib/TestResult[0m
[ 42%] [34m[1mGenerating C++ code from actionlib/TwoIntsResult.msg[0m
[ 42%] [34m[1mGenerating Python from MSG actionlib/TestFeedback[0m
[ 42%] [34m[1mGenerating C++ code from actionlib/TwoIntsFeedback.msg[0m
[ 42%] Built target actionlib_generate_messages_cpp
[35m[1mScanning dependencies of target actionlib_generate_messages_eus[0m
[ 44%] [34m[1mGenerating EusLisp code from actionlib/TestAction.msg[0m
[ 45%] [34m[1mGenerating Python from MSG actionlib/TestRequestAction[0m
[ 46%] [34m[1mGenerating EusLisp code from actionlib/TestActionGoal.msg[0m
[ 48%] [34m[1mGenerating Python from MSG actionlib/TestRequestActionGoal[0m
[ 48%] [34m[1mGenerating EusLisp code from actionlib/TestActionResult.msg[0m
[ 49%] [34m[1mGenerating EusLisp code from actionlib/TestActionFeedback.msg[0m
[ 49%] [34m[1mGenerating Python from MSG actionlib/TestRequestActionResult[0m
[ 50%] [34m[1mGenerating EusLisp code from actionlib/TestGoal.msg[0m
[ 51%] [34m[1mGenerating EusLisp code from actionlib/TestResult.msg[0m
[ 53%] [34m[1mGenerating Python from MSG actionlib/TestRequestActionFeedback[0m
[ 53%] [34m[1mGenerating EusLisp code from actionlib/TestFeedback.msg[0m
[ 54%] [34m[1mGenerating EusLisp code from actionlib/TestRequestAction.msg[0m
[ 55%] [34m[1mGenerating Python from MSG actionlib/TestRequestGoal[0m
[ 57%] [34m[1mGenerating EusLisp code from actionlib/TestRequestActionGoal.msg[0m
[ 57%] [34m[1mGenerating EusLisp code from actionlib/TestRequestActionResult.msg[0m
[ 58%] [34m[1mGenerating Python from MSG actionlib/TestRequestResult[0m
[ 59%] [34m[1mGenerating EusLisp code from actionlib/TestRequestActionFeedback.msg[0m
[ 61%] [34m[1mGenerating EusLisp code from actionlib/TestRequestGoal.msg[0m
[ 61%] [34m[1mGenerating Python from MSG actionlib/TestRequestFeedback[0m
[ 61%] [34m[1mGenerating EusLisp code from actionlib/TestRequestResult.msg[0m
[ 62%] [34m[1mGenerating Python from MSG actionlib/TwoIntsAction[0m
[ 63%] [34m[1mGenerating EusLisp code from actionlib/TestRequestFeedback.msg[0m
[ 64%] [34m[1mGenerating EusLisp code from actionlib/TwoIntsAction.msg[0m
[ 66%] [34m[1mGenerating EusLisp code from actionlib/TwoIntsActionGoal.msg[0m
[ 67%] [34m[1mGenerating Python from MSG actionlib/TwoIntsActionGoal[0m
[ 67%] [34m[1mGenerating EusLisp code from actionlib/TwoIntsActionResult.msg[0m
[ 68%] [34m[1mGenerating EusLisp code from actionlib/TwoIntsActionFeedback.msg[0m
[ 68%] [34m[1mGenerating Python from MSG actionlib/TwoIntsActionResult[0m
[ 70%] [34m[1mGenerating EusLisp code from actionlib/TwoIntsGoal.msg[0m
[ 71%] [34m[1mGenerating Python from MSG actionlib/TwoIntsActionFeedback[0m
[ 71%] [34m[1mGenerating EusLisp code from actionlib/TwoIntsResult.msg[0m
[ 72%] [34m[1mGenerating EusLisp code from actionlib/TwoIntsFeedback.msg[0m
[ 74%] [34m[1mGenerating Python from MSG actionlib/TwoIntsGoal[0m
[ 75%] [34m[1mGenerating EusLisp manifest code for actionlib[0m
[ 75%] [34m[1mGenerating Python from MSG actionlib/TwoIntsResult[0m
[ 76%] [34m[1mGenerating Python from MSG actionlib/TwoIntsFeedback[0m
[ 77%] [34m[1mGenerating Python msg __init__.py for actionlib[0m
[ 77%] Built target actionlib_generate_messages_py
[35m[1mScanning dependencies of target actionlib_generate_messages_lisp[0m
[ 79%] [34m[1mGenerating Lisp code from actionlib/TestAction.msg[0m
[ 79%] [34m[1mGenerating Lisp code from actionlib/TestActionGoal.msg[0m
[ 80%] [34m[1mGenerating Lisp code from actionlib/TestActionResult.msg[0m
[ 81%] [34m[1mGenerating Lisp code from actionlib/TestActionFeedback.msg[0m
[ 81%] [34m[1mGenerating Lisp code from actionlib/TestGoal.msg[0m
[ 83%] [34m[1mGenerating Lisp code from actionlib/TestResult.msg[0m
[ 84%] [34m[1mGenerating Lisp code from actionlib/TestFeedback.msg[0m
[ 84%] [34m[1mGenerating Lisp code from actionlib/TestRequestAction.msg[0m
[ 85%] [34m[1mGenerating Lisp code from actionlib/TestRequestActionGoal.msg[0m
[ 87%] [34m[1mGenerating Lisp code from actionlib/TestRequestActionResult.msg[0m
[ 88%] [34m[1mGenerating Lisp code from actionlib/TestRequestActionFeedback.msg[0m
[ 88%] [34m[1mGenerating Lisp code from actionlib/TestRequestGoal.msg[0m
[ 89%] [34m[1mGenerating Lisp code from actionlib/TestRequestResult.msg[0m
[ 90%] [34m[1mGenerating Lisp code from actionlib/TestRequestFeedback.msg[0m
[ 90%] [34m[1mGenerating Lisp code from actionlib/TwoIntsAction.msg[0m
[ 92%] [34m[1mGenerating Lisp code from actionlib/TwoIntsActionGoal.msg[0m
[ 93%] [34m[1mGenerating Lisp code from actionlib/TwoIntsActionResult.msg[0m
[ 93%] [34m[1mGenerating Lisp code from actionlib/TwoIntsActionFeedback.msg[0m
[ 94%] [34m[1mGenerating Lisp code from actionlib/TwoIntsGoal.msg[0m
[ 96%] [34m[1mGenerating Lisp code from actionlib/TwoIntsResult.msg[0m
[ 97%] [34m[1mGenerating Lisp code from actionlib/TwoIntsFeedback.msg[0m
[ 97%] Built target actionlib_generate_messages_lisp
[35m[1mScanning dependencies of target actionlib_gencpp[0m
[ 97%] Built target actionlib_gencpp
[35m[1mScanning dependencies of target actionlib[0m
[ 97%] [32mBuilding CXX object CMakeFiles/actionlib.dir/src/connection_monitor.cpp.o[0m
[ 97%] Built target actionlib_generate_messages_eus
[35m[1mScanning dependencies of target actionlib_generate_messages[0m
[ 97%] Built target actionlib_generate_messages
[ 98%] [32mBuilding CXX object CMakeFiles/actionlib.dir/src/goal_id_generator.cpp.o[0m
[100%] [32m[1mLinking CXX shared library /home/vm/catkin_ws/devel/.private/actionlib/lib/libactionlib.so[0m
[100%] Built target actionlib
